Processing Spec RP serialconsole ...
True
Generate test code for RP serialconsole with Package armserialconsole ...
autorest --version=3.8.1 --use=D:\Workspace\tadelesh\autorest.go --use=D:\Workspace\Azure\azure-sdk-tools\tools\sdk-testgen\packages\autorest.gotest --file-prefix=zz_generated_ --track2 --go --output-folder=. --clear-output-folder=false --testmodeler.generate-mock-test --testmodeler.generate-sdk-example --testmodeler.generate-scenario-test --generate-sdk=false .\autorest.md
AutoRest code generation utility [cli version: 3.0.6335; node: v14.18.1, max-memory: 4096 MB]
(C) 2018 Microsoft Corporation.
https://aka.ms/autorest

There is a new version of AutoRest available (3.6.1).
 > You can install the newer version with with npm install -g autorest@latest

info    |    Loading AutoRest core      'C:\Users\chenjieshi\.autorest\@autorestcore@3.8.1\nodemodules\@autorest\core\dist' (3.8.1)
info    |    Loading local AutoRest extension '@autorest/gotest' (D:/Workspace/Azure/azure-sdk-tools/tools/sdk-testgen/packages/autorest.gotest)
info    |    Loading local AutoRest extension '@autorest/testmodeler' (D:/Workspace/Azure/azure-sdk-tools/tools/sdk-testgen/packages/autorest.testmodeler)
info    |    Loading local AutoRest extension '@autorest/go' (D:/Workspace/tadelesh/autorest.go)
info    |    Loading AutoRest extension '@autorest/modelerfour' (4.22.3->4.22.3)
warning | PreCheck/SchemaMissingType | The schema 'Resource' with an undefined type and declared properties is a bit ambiguous. This has been auto-corrected to 'type:object'
    - https://github.com/Azure/azure-rest-api-specs/blob/4ddb09cf15387bc4ce136675bc08c21e92f11087/specification/serialconsole/resource-manager/Microsoft.SerialConsole/stable/2018-05-01/serialport.json:348:5
warning | PreCheck/SchemaMissingType | The schema 'ProxyResource' with an undefined type and 'allOf'/'anyOf'/'oneOf' is a bit ambiguous. This has been auto-corrected to 'type:object'
    - https://github.com/Azure/azure-rest-api-specs/blob/4ddb09cf15387bc4ce136675bc08c21e92f11087/specification/serialconsole/resource-manager/Microsoft.SerialConsole/stable/2018-05-01/serialport.json:369:5
warning | PreCheck/SchemaMissingType | The schema 'SerialPortProperties' with an undefined type and declared properties is a bit ambiguous. This has been auto-corrected to 'type:object'
    - https://github.com/Azure/azure-rest-api-specs/blob/4ddb09cf15387bc4ce136675bc08c21e92f11087/specification/serialconsole/resource-manager/Microsoft.SerialConsole/stable/2018-05-01/serialport.json:377:5
warning | PreCheck/SchemaMissingType | The schema 'SerialPortListResult' with an undefined type and declared properties is a bit ambiguous. This has been auto-corrected to 'type:object'
    - https://github.com/Azure/azure-rest-api-specs/blob/4ddb09cf15387bc4ce136675bc08c21e92f11087/specification/serialconsole/resource-manager/Microsoft.SerialConsole/stable/2018-05-01/serialport.json:411:5
warning | PreCheck/SchemaMissingType | The schema 'CloudError' with an undefined type and declared properties is a bit ambiguous. This has been auto-corrected to 'type:object'
    - https://github.com/Azure/azure-rest-api-specs/blob/4ddb09cf15387bc4ce136675bc08c21e92f11087/specification/serialconsole/resource-manager/Microsoft.SerialConsole/stable/2018-05-01/serialport.json:435:5
warning | PreCheck/SchemaMissingType | The schema 'CloudErrorBody' with an undefined type and declared properties is a bit ambiguous. This has been auto-corrected to 'type:object'
    - https://github.com/Azure/azure-rest-api-specs/blob/4ddb09cf15387bc4ce136675bc08c21e92f11087/specification/serialconsole/resource-manager/Microsoft.SerialConsole/stable/2018-05-01/serialport.json:445:5
warning | PreCheck/CheckDuplicateSchemas | Checking for duplicate schemas, this could take a (long) while.  Run with --verbose for more detail.
warning | UsingTemporaryFlag | modelerfour.treat-type-object-as-anything options is a temporary flag. It WILL be removed in the future.
warning | UnkownSecurityScheme | Security scheme azure_auth is unknown and will not be processed. Only supported types are AADToken,AzureKey,Anonymous
warning | UnkownSecurityScheme | Security scheme azure_auth is unknown and will not be processed. Only supported types are AADToken,AzureKey,Anonymous
warning | SecurityDefinedSpecAndConfig | OpenAPI spec has a security definition but autorest security config is defined. Security config from autorest will be used.
info    | Autorest completed in 14.11s. 17 files generated.
go: finding module for package github.com/Azure/azure-sdk-for-go/sdk/azidentity
go: found github.com/Azure/azure-sdk-for-go/sdk/azidentity in github.com/Azure/azure-sdk-for-go/sdk/azidentity v0.13.2
Execute mock test for RP serialconsole with Package armserialconsole ...
=== RUN   TestMicrosoftSerialConsoleClient_ListOperations
--- PASS: TestMicrosoftSerialConsoleClient_ListOperations (0.68s)
=== RUN   TestMicrosoftSerialConsoleClient_GetConsoleStatus
--- PASS: TestMicrosoftSerialConsoleClient_GetConsoleStatus (0.06s)
=== RUN   TestMicrosoftSerialConsoleClient_DisableConsole
--- PASS: TestMicrosoftSerialConsoleClient_DisableConsole (0.04s)
=== RUN   TestMicrosoftSerialConsoleClient_EnableConsole
--- PASS: TestMicrosoftSerialConsoleClient_EnableConsole (0.06s)
=== RUN   TestSerialPorts_List
--- PASS: TestSerialPorts_List (0.16s)
=== RUN   TestSerialPorts_Get
--- PASS: TestSerialPorts_Get (0.06s)
=== RUN   TestSerialPorts_Create
--- PASS: TestSerialPorts_Create (0.07s)
=== RUN   TestSerialPorts_Delete
--- PASS: TestSerialPorts_Delete (0.06s)
=== RUN   TestSerialPorts_ListBySubscriptions
    zt_generated_mock_test.go:334: Failed to get result for example specification/serialconsole/resource-manager/Microsoft.SerialConsole/stable/2018-05-01/examples/ListSerialPortSubscription.json: GET https://localhost:8443/subscriptions/00000000-00000-0000-0000-000000000000/providers/Microsoft.SerialConsole/serialPorts
        --------------------------------------------------------------------------------
        RESPONSE 453: 453 unknown
        ERROR CODE: 453
        --------------------------------------------------------------------------------
        {
          "error": {
            "code": "453",
            "message": "Request Validation Failed",
            "target": "{\"errors\":[],\"runtimeException\":{\"code\":\"OPERATION_NOT_FOUND_IN_CACHE_WITH_API\",\"message\":\"Could not find exact api-version \\\"unknown-api-version\\\" for provider \\\"microsoft.serialconsole\\\" in the cache.\"},\"operationInfo\":{\"apiVersion\":\"unknown-api-version\",\"operationId\":\"unknownOperationId\",\"validationRequest\":{\"providerNamespace\":\"microsoft.serialconsole\",\"resourceType\":\"serialPorts\",\"apiVersion\":\"unknown-api-version\",\"requestMethod\":\"get\",\"host\":\"localhost:8443\",\"pathStr\":\"/subscriptions/00000000-00000-0000-0000-000000000000/providers/Microsoft.SerialConsole/serialPorts\",\"query\":{},\"correlationId\":\"\",\"requestUrl\":\"https://localhost:8443/subscriptions/00000000-00000-0000-0000-000000000000/providers/Microsoft.SerialConsole/serialPorts\"}}}"
          }
        }
        --------------------------------------------------------------------------------
--- FAIL: TestSerialPorts_ListBySubscriptions (0.01s)
=== RUN   TestSerialPorts_Connect
--- PASS: TestSerialPorts_Connect (0.09s)
FAIL
coverage: 67.1% of statements
exit status 1
FAIL	github.com/Azure/azure-sdk-for-go/sdk/resourcemanager/serialconsole/armserialconsole	1.594s
##[error] execute mock test error for RP serialconsole with Package armserialconsole
